0 info it worked if it ends with ok
1 verbose cli [ 'C:\\Program Files\\nodejs\\node.exe',
1 verbose cli   'C:\\Users\\Dimas\\AppData\\Roaming\\npm\\node_modules\\npm\\bin\\npm-cli.js',
1 verbose cli   'start' ]
2 info using npm@3.5.3
3 info using node@v5.5.0
4 verbose run-script [ 'prestart', 'start', 'poststart' ]
5 info lifecycle mongo-browser@0.0.1~prestart: mongo-browser@0.0.1
6 silly lifecycle mongo-browser@0.0.1~prestart: no script for prestart, continuing
7 info lifecycle mongo-browser@0.0.1~start: mongo-browser@0.0.1
8 verbose lifecycle mongo-browser@0.0.1~start: unsafe-perm in lifecycle true
9 verbose lifecycle mongo-browser@0.0.1~start: PATH: C:\Users\Dimas\AppData\Roaming\npm\node_modules\npm\bin\node-gyp-bin;C:\Users\Dimas\tmp\mongo-browser\mongo-browser\node_modules\.bin;C:\Users\Dimas\tmp\tools\cmder\bin;C:\Users\Dimas\tmp\tools\cmder\vendor\git-for-windows\bin;C:\Users\Dimas\tmp\tools\cmder\vendor\git-for-windows\usr\bin;C:\Users\Dimas\tmp\tools\cmder\vendor\git-for-windows\share\vim\vim74;C:\Users\Dimas\tmp\tools\cmder\vendor\conemu-maximus5;C:\Users\Dimas\tmp\tools\cmder\vendor\conemu-maximus5\ConEmu;C:\Program Files\Broadcom\Broadcom 802.11 Network Adapter\Driver;C:\WINDOWS\system32;C:\WINDOWS;C:\WINDOWS\System32\Wbem;C:\WINDOWS\System32\WindowsPowerShell\v1.0\;C:\Program Files (x86)\Intel\OpenCL SDK\2.0\bin\x86;C:\Program Files (x86)\Intel\OpenCL SDK\2.0\bin\x64;C:\Users\Dimas\AppData\Roaming\npm;C:\Program Files\MongoDB\Server\3.2\bin;C:\Program Files\Sublime Text 3;C:\Program Files (x86)\Skype\Phone\;C:\Program Files\nodejs\;C:\Program Files (x86)\Mozilla Firefox;C:\Program Files\Java\jdk1.8.0_25\bin;C:\Program Files\Broadcom\Broadcom 802.11 Network Adapter\Driver;C:\WINDOWS\system32;C:\WINDOWS;C:\WINDOWS\System32\Wbem;C:\WINDOWS\System32\WindowsPowerShell\v1.0\;C:\Program Files (x86)\Intel\OpenCL SDK\2.0\bin\x86;C:\Program Files (x86)\Intel\OpenCL SDK\2.0\bin\x64;C:\Program Files (x86)\Windows Kits\8.1\Windows Performance Toolkit\;C:\Program Files\Microsoft SQL Server\110\Tools\Binn\;C:\Program Files (x86)\Microsoft SDKs\TypeScript\1.0\;C:\Program Files (x86)\Skype\Phone\;C:\Users\Dimas\AppData\Roaming\npm;C:\Users\Dimas\tmp\tools\cmder
10 verbose lifecycle mongo-browser@0.0.1~start: CWD: C:\Users\Dimas\tmp\mongo-browser\mongo-browser
11 silly lifecycle mongo-browser@0.0.1~start: Args: [ '/d /s /c', 'node ./bin/www' ]
12 silly lifecycle mongo-browser@0.0.1~start: Returned: code: 1  signal: null
13 info lifecycle mongo-browser@0.0.1~start: Failed to exec start script
14 verbose stack Error: mongo-browser@0.0.1 start: `node ./bin/www`
14 verbose stack Exit status 1
14 verbose stack     at EventEmitter.<anonymous> (C:\Users\Dimas\AppData\Roaming\npm\node_modules\npm\lib\utils\lifecycle.js:232:16)
14 verbose stack     at emitTwo (events.js:100:13)
14 verbose stack     at EventEmitter.emit (events.js:185:7)
14 verbose stack     at ChildProcess.<anonymous> (C:\Users\Dimas\AppData\Roaming\npm\node_modules\npm\lib\utils\spawn.js:24:14)
14 verbose stack     at emitTwo (events.js:100:13)
14 verbose stack     at ChildProcess.emit (events.js:185:7)
14 verbose stack     at maybeClose (internal/child_process.js:821:16)
14 verbose stack     at Process.ChildProcess._handle.onexit (internal/child_process.js:211:5)
15 verbose pkgid mongo-browser@0.0.1
16 verbose cwd C:\Users\Dimas\tmp\mongo-browser\mongo-browser
17 error Windows_NT 10.0.10586
18 error argv "C:\\Program Files\\nodejs\\node.exe" "C:\\Users\\Dimas\\AppData\\Roaming\\npm\\node_modules\\npm\\bin\\npm-cli.js" "start"
19 error node v5.5.0
20 error npm  v3.5.3
21 error code ELIFECYCLE
22 error mongo-browser@0.0.1 start: `node ./bin/www`
22 error Exit status 1
23 error Failed at the mongo-browser@0.0.1 start script 'node ./bin/www'.
23 error Make sure you have the latest version of node.js and npm installed.
23 error If you do, this is most likely a problem with the mongo-browser package,
23 error not with npm itself.
23 error Tell the author that this fails on your system:
23 error     node ./bin/www
23 error You can get information on how to open an issue for this project with:
23 error     npm bugs mongo-browser
23 error Or if that isn't available, you can get their info via:
23 error     npm owner ls mongo-browser
23 error There is likely additional logging output above.
24 verbose exit [ 1, true ]
